[debug] [2018-08-19T10:22:41.072Z] ----------------------------------------------------------------------
[debug] [2018-08-19T10:22:41.074Z] Command:       /usr/local/bin/node /usr/local/bin/firebase serve
[debug] [2018-08-19T10:22:41.074Z] CLI Version:   4.1.2
[debug] [2018-08-19T10:22:41.074Z] Platform:      darwin
[debug] [2018-08-19T10:22:41.074Z] Node Version:  v10.8.0
[debug] [2018-08-19T10:22:41.075Z] Time:          Sun Aug 19 2018 18:22:41 GMT+0800 (Ulaanbaatar Standard Time)
[debug] [2018-08-19T10:22:41.075Z] ----------------------------------------------------------------------
[debug] 
[debug] [2018-08-19T10:22:41.085Z] > command requires scopes: ["email","openid","https://www.googleapis.com/auth/cloudplatformprojects.readonly","https://www.googleapis.com/auth/firebase","https://www.googleapis.com/auth/cloud-platform"]
[debug] [2018-08-19T10:22:41.085Z] > authorizing via signed-in user
[debug] [2018-08-19T10:22:41.087Z] >>> HTTP REQUEST GET https://admin.firebase.com/v1/projects/chat-77ca3  
 
[debug] [2018-08-19T10:22:42.552Z] <<< HTTP RESPONSE 200
[debug] [2018-08-19T10:22:42.553Z] >>> HTTP REQUEST GET https://cloudresourcemanager.googleapis.com/v1/projects/chat-77ca3  
 
[debug] [2018-08-19T10:22:43.939Z] <<< HTTP RESPONSE 200
[info] 
[info] === Serving from '/Users/nest-4/Desktop/firebase-chat'...
[info] 
[debug] [2018-08-19T10:22:43.941Z] >>> HTTP REQUEST GET https://mobilesdk-pa.googleapis.com/v1/projects/312413147357/clients/_:getWebAppConfig  
 
[debug] [2018-08-19T10:22:44.758Z] <<< HTTP RESPONSE 200
[info] i  hosting: Serving hosting files from: public
[info] ✔  hosting: Local server: http://localhost:5000

